

ARMbasic[7.43a] on the PC  Copyright 2008, Coridium Corp.
blk=1000 var=7424 DATAstart=7c000 end=7d000
code=4000 var=7424 DATAstart=7c000 end=7d000
> 0x00004044 SUB    ABRTOS_LOG_INIT 0
> 0x00004088 SUB    ABRTOS_LOG_EVENT 2
> 0x400005CC WORD   ABRTOS_LOG_EVENT:ABRTOS_MODULE 1
> 0x400005D0 WORD   ABRTOS_LOG_EVENT:ABRTOS_LOG_EVNT 1
> 0x000051F4 SUB    ABRTOS_LOG_ISR_HANDLER 0
> 0x40002090 STRING ABRTOS_LOG_ISR_HANDLER:ABRTOS_LOG_TEMP_STR 2
> 0x400005D4 WORD   ABRTOS_LOG_ISR_HANDLER:ABRTOS_LOG_COUNT 1
> 0x400005D8 WORD   ABRTOS_LOG_ISR_HANDLER:ABRTOS_LOG_TEMP_POINTER 1
> 0x400005DC WORD   ABRTOS_LOG_ISR_HANDLER:ABRTOS_LOG_TEMP_OFFSET 1
> 0x400005E0 WORD   ABRTOS_LOG_ISR_HANDLER:ABRTOS_LOG_TEMP 1
> 0x00005220 SUB    ABRTOS_INT_DISABLE 0
> 0x0000523C SUB    ABRTOS_INT_ENABLE 0
> 0x00005288 SUB    ABRTOS_INT_SWI_ISR 0
> 0x000052FC SUB    ABRTOS_INT_SWI_SETUP 0
> 0x00005304 SUB    ABRTOS_INT_TEST_ISR 0
> 0x00005350 SUB    ABRTOS_INT_SWI2_SETUP 0
> 0x00005360 WFUNCT ABRTOS_WDT_PRIV_GET_TC_REG 0
> 0x00005370 WFUNCT ABRTOS_WDT_PRIV_GET_TIME_REG 0
> 0x00005394 WFUNCT ABRTOS_WDT_PRIV_SET_TC_REG 1
> 0x400005E8 WORD   ABRTOS_WDT_PRIV_SET_TC_REG:ABRTOS_WDT_TC 1
> 0x000053A4 WFUNCT ABRTOS_WDT_PRIV_GET_STATE 0
> 0x000053E0 SUB    ABRTOS_WDT_FEED_THE_DOG 0
> 0x00005400 WFUNCT ABRTOS_WDT_MS_WDTC 0
> 0x000054B4 WFUNCT ABRTOS_WDT_SET_WDTC 1
> 0x400005EC WORD   ABRTOS_WDT_SET_WDTC:ABRTOS_WDT_TC_MS 1
> 0x000054D4 WFUNCT ABRTOS_WDT_MS_TO_UNDERFLOW 0
> 0x00005538 WFUNCT ABRTOS_WDT_TO_FLAG 1
> 0x400005F0 WORD   ABRTOS_WDT_TO_FLAG:ABRTOS_CLEAR_WDTOF 1
> 0x00005574 WFUNCT ABRTOS_WDT_INT_FLAG 0
> 0x00005590 WFUNCT ABRTOS_WDT_STATUS 0
> 0x000055AC WFUNCT ABRTOS_WDT_MODE 0
> 0x00005750 WFUNCT ABRTOS_WDT_SET_MODE 1
> 0x400005F4 WORD   ABRTOS_WDT_SET_MODE:ABRTOS_WDT_MD 1
> 0x00005794 SUB    ABRTOS_WDT_POSTRESET_HANDLER 0
> 0x000057D8 SUB    ABRTOS_WDT_POSTINT_HANDLER 0
> 0x0000583C SUB    ABRTOS_WDT_RESET 0
> 0x000058B8 SUB    ABRTOS_WDT_STARTUP_CHECK 0
> 0x0000591C SUB    ABRTOS_WDT_SETUP 0
> 0x00005950 SUB    ABRTOS_WDT_START 0
> 0x00005984 SUB    ABRTOS_WDT_FEED 0
> 0x000059B4 SUB    ABRTOS_TASK_INITTASKMGMT 0
> 0x000059BC SUB    ABRTOS_TASK_STARTINITTASK 2
> 0x400005F8 WORD   ABRTOS_TASK_STARTINITTASK:START_TASK_ID 1
> 0x400005FC WORD   ABRTOS_TASK_STARTINITTASK:START_TASK_PRIO 1
> 0x000059EC SUB    ABRTOS_TASK_CURRENT_SUSPEND 0
> 0x00005A1C SUB    ABRTOS_TASK_CURRENT_KILL 0
> 0x00005A4C SUB    ABRTOS_TASK_CURRENT_WAITSEMA 0
> 0x00005B94 SUB    ABRTOS_SEMA_STARTUP_INIT 0
> 0x40000600 WORD   ABRTOS_SEMA_STARTUP_INIT:ABRTOS_SEMA_COUNTER 1
> 0x40000604 WORD   ABRTOS_SEMA_STARTUP_INIT:ABRTOS_SEMA_TEMPPOINTER 1
> 0x00005DA4 WFUNCT ABRTOS_SEMA_INIT_SEMAPHORE 3
> 0x40000608 WORD   ABRTOS_SEMA_INIT_SEMAPHORE:SEMA_ID 1
> 0x4000060C WORD   ABRTOS_SEMA_INIT_SEMAPHORE:CURR_COUNT 1
> 0x40000610 WORD   ABRTOS_SEMA_INIT_SEMAPHORE:MAX_COUNT 1
> 0x40000614 WORD   ABRTOS_SEMA_INIT_SEMAPHORE:ABRTOS_SEMA_INIT_RETURN_VAL 1
> 0x40000618 WORD   ABRTOS_SEMA_INIT_SEMAPHORE:ABRTOS_SEMA_TEMPPOINTER 1
> 0x00005F64 WFUNCT ABRTOS_SEMA_XGET_SEMAPHORE 1
> 0x4000061C WORD   ABRTOS_SEMA_XGET_SEMAPHORE:SEMA_ID 1
> 0x40000620 WORD   ABRTOS_SEMA_XGET_SEMAPHORE:ABRTOS_SEMA_XGET_RETURN_VAL 1
> 0x40000624 WORD   ABRTOS_SEMA_XGET_SEMAPHORE:ABRTOS_SEMA_TEMPPOINTER 1
> 0x00006090 SUB    ABRTOS_SEMA_GET_SEMAPHORE 1
> 0x40000628 WORD   ABRTOS_SEMA_GET_SEMAPHORE:SEMA_ID 1
> 0x4000062C WORD   ABRTOS_SEMA_GET_SEMAPHORE:ABRTOS_SEMA_GET_TEMP 1
> 0x00006098 SUB    ABRTOS_SEMA_XPUT_SEMAPHORE 0
> 0x000060A0 SUB    ABRTOS_SEMA_PUT_SEMAPHORE 0
> 0x000060A8 SUB    ABRTOS_SCHED_ITERATE 0
> 0x000060EC SUB    ABRTOS_SCHED_START 0
> 0x00006130 SUB    ABRTOS_SCHED_STOP 0
> 0x00006180 SUB    ABRTOS_INIT_STARTUP 0
:204000001B9990EA8ED7C6E98C50F7E3E2405BE5D5505DE38E0703E2A3036BE592FE30E3CE
:20402000BD01F7E2AA0724E58D50F7E3CE4037E2F45048E58F073CE38B0347E2B5FE1BE5C1
:20404000BD114DE88ED7C6E9B450F2E5EA405BE5005058E5A60727E5190580E3920717E2AB
:20406000BD0127E5AE0724E59450F2E5F2405BE574D5BCEBA6879BFF921380E193FE30E32A
:20408000BD0118E58E1756E88C2084E967C5CFEB8CE5BD40C20727E5BF037BE535838FEBEC
:2040A000ED011BE5BE0734E58D40F7E3D44057E0045048E5C20737E5921380E1C1FE2BE507
:2040C000BD0118E5BE0734E58D40F7E3D44017E0D3405DE3398C9BEB8FF380E3279597E0DF
:2040E000F5011BE5118C98EB3808574006306BE5DA5044E0C20727E5BF037BE5980E30E151
:2041000039868FEB4E9C994015D556EBCE4058E54CD5BCEB3AC39C40C3F37BE597FE17E0EA
:20412000F1011BE5C20734E59360F7E13FC5CFEB90E5BD400C8C9BEB8B0368E5FE838FEBBC
:2041400069B59040C6F734E59250DEE002405BE5085058E595173CE1F188DFEB5593904020
:2041600030868FEB8E0721E5EED556EB7AF0D0400C4058E5940723E0BF036BE5C5FE2BE5EA
:20418000C41130E1E98C98EB54E5574036C5CFEBD45045E5E58C9BEB8162E700D6858FEBD8
:2041A000ED012BE5FC8F98EB0CD756EB1FC5CFEBB9AFC400CD8E9BEBD988DFEB5593904041
:2041C00018868FEBC20724E5D6D556EB5EF0D040DB605DE1898E9BEBD188DFEB6A5D970014
:2041E00075868FEBC20734E5C7D856EBC1C7CFEBC8D7BCEBCD8C9BEB1BB3E04098DE30E1AC
:20420000C70130E3218E98EBC6D556EB7249D040FCD7BCEBF38E9BEBC188DFEB595D970009
:20422000E1888FEBC18C98EB54E557400EC5CFEB085048E5BD8C9BEB1BB3E040980E30E175
:204240009D888FEBBE0739E32CD556EB02406BE5F5D8BCEB678E9BEB658ADFEBB6838FEBAF
:204260004DB1904095E739E18E50F7E347C7CFEBF4D5BCEB32109C40998ADFEBDC858FEB04
:20428000D9868FEB4E9C9940B5D556EB02405BE5ECD5BCEB4D66A300918ADFEBA6838FEBEF
:2042A00079969040B08C98EBC850E2E5DFC5CFEB6400BD4095173CE14D8ADFEBC1FE30E386
:2042C0003F868FEBCA0734E5A0D856EB89C7CFEBDCD5BCEB1EB79C40921380E14A858FEB9A
:2042E000C1868FEB1EB799409330F7E1D04070E32CD7BCEB3F8E9BEBBF037BE59190BDE96B
:20430000C42130E18E0739E39540F7E169C5CFEBD4E014E3A3979C0A8B959DE886828FEBAF
:2043200076609700718D98EBACD756EB0A406BE5D4E2EAE995273CE18B959DE87E828FEBB0
:2043400062609700698D98EBA4D756EB6BC7CFEBBCD4BCEB1EB79C40E588DFEB76828FEB52
:20436000610A9040618D98EBA1D756EB6DD3D0EAD5505DE397F73CE10B88DFEB918EE7E388
:20438000D291900A8E9956E866D456EB6D9FD7009CD6BCEB938E9BEBC7037BE59190BDE9AC
:2043A000C42130E18E9956E85ED456EB599FD70094D6BCEB8B8D9BEB0D8ADFEB5E828FEBF6
:2043C0004DB19040CD8C98EB56D456EB7249D0408CD6BCEB888D9BEB0F96E0EA93FE30E346
:2043E000C6F130E1F38C98EB8CE0AEE372D0D00AD4E27AE84D8B9BEB1062E7003E848FEBCF
:20440000A7878FEBCA0734E58CE284E9D56070E1D4505DE397F73CE1E388DFEB918EE7E37C
:20442000C291900A8E9956E83ED456EB3A9FD70074D6BCEB708D9BEB1B93E0EA92FE30E398
:20444000C6F130E1DB8C98EB8CE0AEE3D3D0D00AD4E27AE8358B9BEBDC62E70026848FEB89
:2044600094878FEB139799EA8E50F7E3D73070E116D5BCEB8E97F3E39093E00A91904DE87A
:2044800059858FEBC866A00016D656EB9AC6CFEB4EE0BDEA91073CE394F380E1C8838FEB76
:2044A000BD91E7E39397990A8CE214E85FC4CFEBF6AFC4000D8D9BEB4C89DFEB008E90EAA0
:2044C000C10130E397F739E1B8D556EBCED027E3D9E0BD0A8E9959E81187DFEB945D970017
:2044E00031878FEB448D98EBF0E057EAD34070E3DD405DE1AF8C9BEB8B9337E3968E900AAD
:20450000BD934DE8098B98EB6FAE5E0037C6CFEB7FD6BCEBE7979CEA910380E39AEE30E13D
:20452000D3868FEB8E97F0E391E0570ACED28DE844D4BCEB5A65A300E989DFEB31848FEB3D
:204540000B9190EA950739E39540F7E1D9C5CFEBD4E014E393979C0A8B959DE8F6828FEB76
:20456000715F9700E18D98EB21D656EB11D0D0EADC505DE397F73CE18B88DFEB918EE7E333
:20458000C291900A8E9956E8E6D456EB6C9ED7001CD6BCEB188D9BEBC393E0EA9AFE30E35E
:2045A000C6F130E1838B98EB8CE0AEE3D3D0D00AD4E27AE8DD8B9BEB1261E700CE848FEBFC
:2045C0003C878FEBBB9799EA9650F7E3D73070E1BED4BCEB8E97F3E39093E00A91904DE81A
:2045E00001858FEBFB65A000BED656EB42C6CFEBF6E0BDEA99073CE394F380E170828FEB94
:20460000BD91E7E39397990A8CE214E807C4CFEB26AEC400B58D9BEBF489DFEBA88E90EA6F
:20462000C90130E397F739E160D456EBCED027E3D9E0BD0A8E9959E8B987DFEBC85C97002B
:20464000D9878FEBEC8D98EB98E057EACED28DE8FCD4BCEBB165A300A189DFEBE4848FEBB0
:2046600095878FEBB18B98EB1C00574063C4CFEBF4D4BCEB32109C409989DFEBE1848FEBF9
:20468000979390EA910739E39540F7E189C4CFEBD4E014E3A3979C0A8B959DE8A6828FEB3C
:2046A000DA5F9700918D98EBCCD656EB0A406BE5D4E2EAE995273CE18B959DE89E828FEB6B
:2046C000C65F9700898C98EBC4D656EB8BC6CFEBDCD4BCEB1EB79C400587DFEB96828FEBB0
:2046E000610A9040818C98EBC1D656EB8DD2D0EAD8505DE397F73CE12B87DFEB918EE7E386
:20470000D291900A8E9956E886D356EBD19ED700BCD5BCEBB38D9BEBC7037BE59190BDE968
:20472000C42130E18E9956E87ED356EBBD9DD700B4D5BCEBAB8D9BEB2D89DFEB7E818FEB74
:204740004DB19040ED8B98EB76D356EB7249D040ACD5BCEBA88D9BEB2F95E0EA96FE30E323
:20476000C6F130E1138B98EB8CE0AEE3E3D0D00AD4E27AE86D8A9BEB7460E7005E838FEB1B
:20478000C7878FEBCA0734E58CE284E9D56070E1D4E27AE8658A9BEB6060E70056838FEB7F
:2047A000BF878FEB158D98EB5ED356EB5EF0D04018D4BCEB5D8A9BEB2F0CE0404E838FEB9E
:2047C000BC868FEB179999EA9250F7E3D73070E13ED4BCEB8E97F3E3A093E00A91904DE8AF
:2047E00081848FEB5D64A0003ED556EBBDC5CFEB105058E58E99C9E9922380E191904DE867
:2048000079848FEB4964A00036D556EBB5C5CFEB40D6BCEB458A9BEB1BB3E040BA828FEB9E
:2048200071848FEB321099402ED556EBB2C5CFEB42E2BDEA95073CE394F380E1E0828FEB2F
:20484000BD91E7E3A397990A8CE214E877C3CFEB89ADC400258C9BEB5F88DFEBCDFE2BE548
:20486000BD93BDE9952739E18CE214E86FC3CFEB75ADC4001D8C9BEB5788DFEBE2848FEB78
:2048800059848FEB1EB799409AD456EB67C3CFEB7859BD40158C9BEB5488DFEBE49090EAF7
:2048A000C50130E397F739E1C0D456EBCED027E3C5E0BD0A8E9959E81986DFEB2C5B97009F
:2048C00039868FEB478C98EBC850F2E5CED2FDE9DB705DE18E073CE394F380E1B8828FEBFB
:2048E000BD91E7E39397990A8CE214E84FC3CFEB55ADC400FD8C9BEB3C88DFEB6E8E90EAC4
:20490000BE0130E397F739E1A8D456EBCED027E3D9E0BD0A8E9959E80186DFEBF75B970096
:2049200021868FEB348C98EB5EE057EAD04070E3DD405DE19F8B9BEB8B9337E3968E900A30
:20494000BD934DE8F98A98EBD5AD5E0027C5CFEB6FD5BCEB55979CEA8E0380E39AEE30E15C
:20496000C3858FEB8E97F0E391E0570ACED28DE834D3BCEBB764A300D988DFEB21838FEBE1
:20498000799190EA920739E39540F7E1C9C3CFEBD4E014E393979C0A8B959DE8E6818FEBEA
:2049A000C55E9700D18C98EB11D556EB7FD0D0EAD9505DE397F73CE17B86DFEB918EE7E365
:2049C000C291900A8E9956E8D6D356EBB69CD7000CD5BCEB088C9BEB3193E0EA97FE30E39A
:2049E000C6F130E1738A98EB8CE0AEE3D3D0D00AD4E27AE8CD8A9BEB555FE700BE838FEBAA
:204A00002C868FEB299799EA9350F7E3D73070E1AED3BCEB8E97F3E39093E00A91904DE88C
:204A2000F1848FEB3A63A000AED556EB32C5CFEB64E0BDEA96073CE394F380E160818FEBEB
:204A4000BD91E7E39397990A8CE214E8F7C3CFEB60ACC400A58C9BEBE488DFEB168E90EAB8
:204A6000C60130E397F739E150D356EBCED027E3D9E0BD0A8E9959E8A986DFEB025A9700D4
:204A8000C9868FEBDC8C98EB06E057EAD84070E3DD405DE1478A9BEB8B9337E3968E900A28
:204AA000BD934DE8A18A98EBDEAC5E00CFC5CFEB17D5BCEBFD979CEA960380E39AEE30E14B
:204AC0006B848FEB8E97F0E391E0570ACED28DE8DCD3BCEBC463A3008187DFEBC9838FEBD6
:204AE000219190EA9A0739E39540F7E171C3CFEBD4E014E393979C0A8B959DE88E808FEB8A
:204B0000D35D9700798B98EBB9D556EB27D0D0EAE1505DE397F73CE12386DFEB918EE7E34F
:204B2000C291900A8E9956E87ED256EBC79BD700B4D4BCEBB08C9BEBD993E0EA9FFE30E382
:204B4000C6F130E11B8A98EB8CE0AEE3D3D0D00AD4E27AE875899BEB715EE70066828FEB37
:204B6000D4868FEBD19799EA9B50F7E3D73070E156D3BCEB8E97F3E39093E00A91904DE82B
:204B800099838FEB5A62A00056D456EBDAC5CFEB0CE0BDEA9E073CE394F380E108818FEB1D
:204BA000BD91E7E39397990A8CE214E89FC2CFEB85ABC4004D8B9BEB8C88DFEBBE8E90EA95
:204BC000CE0130E397F739E1F8D356EBCED027E3D9E0BD0A8E9959E85185DFEB25599700FA
:204BE00071858FEB848B98EBAEE057EAE04070E3DD405DE1EF8A9BEB8B9337E3968E900A21
:204C0000BD934DE8498998EB01AB5E0077C4CFEBBFD4BCEBA5979CEA9E0380E39AEE30E122
:204C200013848FEB8E97F0E391E0570ACED28DE884D2BCEBE562A3002987DFEB71828FEBB6
:204C4000C99190EA8E9956E836D256EB119BD7006CD4BCEB638B9BEBE588DFEB36808FEB8D
:204C60004DB19040A58A98EB2ED256EB7249D04064D4BCEB608B9BEBE794E0EA9AFE30E368
:204C8000C6F130E1CB8A98EB8CE0AEE330D0D00AD4E27AE825899BEBC85EE70016828FEB32
:204CA0007F858FEBCA0734E58CE284E9D56070E1D4505DE397F73CE1BB86DFEB918EE7E328
:204CC000C291900A8E9956E816D256EBF09BD7004CD4BCEB488B9BEBD993E0EA92FE30E3FE
:204CE000C6F130E1B38A98EB8CE0AEE3D3D0D00AD4E27AE80D899BEB915EE700FE828FEBAE
:204D00006C858FEBD19799EA8E50F7E3D73070E1EED3BCEB8E97F3E39093E00A91904DE867
:204D200031838FEB7B61A000EED456EB72C4CFEB0CE0BDEA91073CE394F380E1A0818FEB09
:204D4000BD91E7E39397990A8CE214E837C2CFEBA7AAC400E58B9BEB2487DFEBBE8E90EA0B
:204D6000C10130E397F739E190D356EBCED027E3D9E0BD0A8E9959E8E985DFEB4C5897000F
:204D800009858FEB1C8B98EBAEE057EAD34070E3DD405DE187899BEB8B9337E3968E900AC5
:204DA000BD934DE8E18998EB2EAA5E000FC4CFEB57D4BCEBA5979CEA910380E39AEE30E19A
:204DC000AB838FEB8E97F0E391E0570ACED28DE81CD2BCEB1A61A300C187DFEB09828FEB82
:204DE000C99190EA8E9956E8CED256EB469AD70004D4BCEBFB8B9BEB7D87DFEBCE808FEBC1
:204E00004DB190403D8998EBC6D256EB7249D040FCD4BCEBF88B9BEB7F93E0EA9BFE30E3CF
:204E2000C6F130E1638998EB8CE0AEE33BD0D00AD4E27AE8BD899BEBFD5DE700AE828FEB8A
:204E400017858FEBCA0734E58CE284E9D56070E1D4505DE397F73CE15385DFEB918EE7E357
:204E6000C291900A8E9956E8AED256EB279AD700E4D4BCEBE08B9BEBE493E0EA92FE30E353
:204E8000C6F130E14B8998EB8CE0AEE3D3D0D00AD4E27AE8A5899BEBC95DE70096828FEB0E
:204EA00004858FEBDC9799EA8E50F7E3D73070E186D2BCEB8E97F3E39093E00A91904DE88C
:204EC000C9838FEBA861A00086D356EB0AC4CFEB17E0BDEA91073CE394F380E138808FEBD2
:204EE000BD91E7E39397990A8CE214E8CFC2CFEBC8A9C4007D8A9BEBBC87DFEBC98E90EA78
:204F0000C10130E397F739E128D256EBCED027E3D9E0BD0A8E9959E88184DFEB605797002C
:204F2000A1848FEBB48B98EBB9E057EAD34070E3DD405DE11F899BEB8B9337E3968E900A51
:204F4000BD934DE8798898EB34A95E00A7C3CFEBEFD4BCEBB0979CEA910380E39AEE30E122
:204F600043838FEB8E97F0E391E0570ACED28DE8B4D1BCEB1560A3005986DFEBA1828FEB88
:204F8000D49190EA950739E39540F7E149C2CFEBD4E014E393979C0A8B959DE8667F8FEB89
:204FA000215A9700518A98EB91D456EBDAD0D0EAD4E27AE85D889BEBDB5CE7004E818FEB8D
:204FC000B7848FEB0D8B98EB56D156EB5EF0D04010D2BCEB55889BEB2F0CE04046818FEBB3
:204FE000B4848FEB0F9799EA9750F7E3D73070E136D2BCEB8E97F3E3A093E00A91904DE8A0
:00000001FF
:2050000079828FEBD860A00036D356EBB5C3CFEB105058E58E99C9E9922380E191904DE8E5
:2050200071828FEBC460A0002ED356EBADC3CFEB38D4BCEB3D889BEB1BB3E040B2808FEB3B
:2050400069828FEB3210994026D356EBAAC3CFEB3AE0BDEA9A073CE394F380E1D8808FEB34
:20506000BD91E7E3B997990A8CE214E86FC1CFEB04A9C4001D8A9BEB5786DFEBCDFE2BE5B1
:20508000BD93BDE9952739E18C50F7E3D73070E10ED2BCEB8E97F3E39093E00A91904DE851
:2050A00051828FEBA160A0000ED356EB92C3CFEBEBE0BDEA8F073CE394F380E1C0808FEB08
:2050C000BD91E7E39397990A8CE214E857C1CFEBC9A8C400058A9BEB4486DFEB9D8E90EA2C
:2050E000BD934DE8118898EB6DA85E003FC3CFEB82D3BCEBC18B9BEB0984DFEB21AE90401C
:20510000AD828FEB098898EB3059574037C3CFEB7FD3BCEBC3979CEA980380E39AEE30E18E
:20512000D3838FEB8E97F0E3B7E0570ACED28DE844D1BCEB695FA300E986DFEB2C818FEB13
:20514000F9012BE58E99C6E99370F7E1CE4070E3DD405DE197899BEB8B9337E3968E900A3C
:20516000BD934DE8F18898EB4BA85E001FC3CFEB67D3BCEBA5979CEA8C0380E39AEE30E193
:20518000BB828FEB8E97F0E391E0570ACED28DE82CD1BCEB305FA300D186DFEB19818FEB6E
:2051A000C99190EA8E9956E8DED156EB5C98D70014D3BCEB0B8A9BEB8D87DFEBDE7F8FEB9D
:2051C0004DB190404D8898EBD6D156EB7249D0400CD3BCEB088A9BEB8F93E0EA91904DE816
:2051E00001828FEB095FA000BED356EB3DC3CFEBD4607AE88ED7C9E9C984DFEBA17E8FFFAD
:20520000BD0127E5CE0724E5C6D156EBE2C0CFFFDB605DE18E077CE38B0368E5910E4DE882
:20522000BDD1BDE9C18898EB9CD056FFD55070E1145058E58E0724E58B139DE8954EBDE550
:20524000CA5130E19D6FC6E99090A3E25BCBCFEBFCD1BCEBAA879BFF921380E193FE30E3F9
:20526000BD0118E5B18898EBBCD056FFD55070E1D4505DE38E0724E5A7632BE2A0F62DE89C
:20528000BDA14DE89287F7E28C2084E9DA4070E3FC5048E58E073CE3B7036BE5F9898FEBD0
:2052A00090908FEBA18898EB94D156FFD55070E1E4D1BCEBCAE99C008B0368E59E7F8FEB5B
:2052C000C5838FFF951739E1AD50F7E3CE4058E5145058E590F73CE3910367E1D1FE1BE51E
:2052E0008B908FEB9A0739E3B450E2E5CF4070E3005048E5E0929BEB8B139DE891CEBDE992
:20530000BD114DE88ED7C6E945DF56EBC7C0CFEBDCD1BCFF95173CE18183DFEB8DE09000D4
:20532000BD0118E5818798EB94D256FFD55070E1F5505DE38E0724E5CB037BE593EE30E311
:20534000C30117E1CE0724E540DF56EBCE508DE8D420EAE9DC093CE38B0377E5910E4DE837
:20536000BDD1BDE95C0939E38C50EEE5CE508DE8D420EAE9DC093CE3921380E1D5FE2BE582
:20538000BD0118E58E98C6E97CDF56EBCED18DE8D4607AE88ED7C9E96B0780E391FE27E5B0
:2053A000BD114DE88ED7C6E91A52F7E3D55070E17E505DE38E0724E5190580E3980E30E136
:2053C000120130E38E0721E58E50F7E3F6405BE5E0505DE3BA0727E5A48EDFEB910E4DE8D1
:2053E000BDD1BDE98E98C6E964DF56EBCED18DE896D0BCEB34A59C006683DFEB910E4DE803
:20540000BDD1BDE9D60734E58D40F7E325C1CFEBD4E014E390979C0A8C0380E3D9FE1BE5DA
:20542000C59190EAD60734E540D056EBBA49E1001ED1BCEB8E97F3E38D93E00A3E7E8FEBA0
:20544000A90AA100D60724E58CE184E916406BE57ED0BCEB34A59C00219AE7E0D5FE1BE5D3
:205460007F908FEB8E9856E88CE284E9D56070E11C5058E52F879BEB31A1E000279597E014
:20548000C6F130E1CF8898EB8CE214E8CED027E3D7E0BD0A8F073CE38B0347E2910E4DE89A
:2054A000C09190EA8E98C6E958DF56EBCED18DE8D4607AE88ED7C9E98B940DE9388D8FEBBF
:2054C000BD924DE81B8798EB32EE570074C0CFEBD4607AE88ED7C9E98B940DE93D8D8FEBB8
:2054E000BD924DE89AF739E392505EE0D23070E3DA50C4E08E97F3E39793E00ADDFE2BE53E
:20550000BD91E7E39497990A6C54F7E3D55070E1B4545DE38E0733E58EF380E397FE97E0B0
:20552000BD0118E58F0739E38C6014E8CFD0D0EAD4505DE38E1759E88BD30DE9918FBDE959
:2055400050908FEB8E9856E89840F7E3D440D7E0DC405DE39407A3E08B9337E3938E900AA3
:20556000BE0130E38E1756E88DE057EACE4070E3D4607AE88ED7C9E98B940DE9158D8FEB89
:20558000BD924DE89AF739E392505EE0CE508DE8D420EAE98E98C9E90892DFEB918F4DE8CF
:2055A000C0F130E39407A0E08C6014E8CE10FDE9D6505DE3B60727E5950380E3BDFE1BE57B
:2055C0005C8B8FEBDE0734E58CE284E9D56070E1D4505DE397F73CE17383DFEB918EE7E353
:2055E000CE91900A8E9956E86C54F7E3D55070E1D7505DE38EF73CE39103E7E091FE18E54B
:20560000BD92BDE96F9698EB8CE114E8CE3070E3B2D0BCEB8E97F3E38D93E00A92FE30E382
:20562000BD01F7E28E1756E8CBE057EACF4070E3DD405DE15F879BEB8B9337E3A28E900AD9
:20564000BD934DE86E0B39E39360F7E1D14070E3D5405DE39407A3E08B0368E5918FBDE9ED
:2056600087908FEB8E9856E88D40F7E395C0CFEBD4E014E390979C0A8C0380E391FEF7E2AD
:20568000BD114DE8B69799EA8D50F7E3D03070E3DA5044E097F73CE14383DFEB918EE7E3BB
:2056A000DA91900A8E9956E86C54F7E3D55070E1D7505DE38E99C9E9922380E192FE30E377
:2056C000BFF130E3940720E09540F7E1D440D7E0D4E27AE88E0724E58B940DE93C8D8FEBE6
:2056E000BD924DE88E99C6E99370F7E1CF4070E3D6405DE3940723E094F380E1347E8FEB0B
:20570000BD934DE88E97F0E38EE0570ACF4070E3D45024E28E1759E88E93E0EA91904DE88A
:20572000BE0130E38E0700E28C6014E8D04070E3FC5048E599073CE3B7036BE5D1888FEBC0
:20574000BD92BDE91F9698EB8CE114E8CE508DE8D420EAE9A8899BEB7182DFEBED5697000B
:2057600091828FEBA48998EB8CE184E9CF4070E3205048E5E4969BEB8B949DE86E7D8FEB0A
:20578000F3599700598898EB99D256EBDAC2CFEBD4607AE88ED7C9E99485DFEB918FBDE96A
:2057A000BE0130E3DA0724E5D5DF56EBCED18DE8A4CFBCEB8E5FA3004984DFEB91808FEB58
:2057C00089808FEB595EA00046D156EBCAC1CFEBCFD1BCEB8E1759E88BD30DE993FE30E32D
:2057E000E5011BE5900739E3B850E2E5E2CACFEBD4E1EAE98D073CE3CF036BE56C8C8FEB0C
:20580000BD924DE88E98C6E98D50F7E3D03070E3DA5044E0DE0727E5EE92DFEB918F4DE847
:205820009C8F8FEB900739E3B450E2E5D14070E3005048E590919BEB8B139DE891CEBDE995
:20584000BF0130E3B60724E59050F7E3FA405BE5CFD9BCEB8E98C9E9C192DFEB918F4DE8E2
:20586000BD91E7E39197990A55DF56EBCF4070E3D85048E597979CEA8B940DE991FE30E3AE
:2058800009011BE5A09698EB8CE114E8CED027E3D6E0BD0A3B969BEB8C0380E395FE1BE5DB
:2058A000BF0130E3B60724E59150F7E3FA405BE5B7D9BCEB8E1759E88BD30DE993FE30E305
:2058C000E5011BE58E0739E3B850E2E5AAC9CFEBD4E1EAE915869BEB9BBAE000D9FE1BE580
:2058E000838F8FEB8E9856E88CE184E9CF4070E3D6405DE3940723E0DB036BE5BB8D8FEB98
:20590000BD924DE8900739E3B450E2E5CF4070E3005048E558909BEB8B139DE891CEBDE910
:20592000BF0130E3B60724E59250F7E3FA405BE597D9BCEB28959BEB8D0380E3B9FE1BE594
:20594000C40130E3BA0724E549D956EBCE508DE8D420EAE990073CE3B3036BE599FE30E382
:20596000E9011BE5449098EB19DE56EBD04070E3FC5048E597073CE3B7036BE541878FEBC9
:20598000BD114DE88ED7C6E99650F7E3F6405BE5D4505DE3BA0727E5348CDFEB9BFE30E353
:2059A000E5011BE58F0739E3B850E2E572C9CFEBD4607AE88ED7C9E98B139DE891CEBDE9B6
:2059C000C70130E3B60724E58E50F7E3FA405BE56FD9BCEB98073CE3B3036BE594FE30E39C
:2059E000E9011BE5249098EB8C6014E8CE10FDE9DE505DE3B60727E5910380E3BDFE1BE5F1
:205A00004C8A8FEB980739E3B450E2E5D54070E3005048E518909BEB8B139DE891CEBDE975
:205A2000C70130E3B60724E59050F7E3FA405BE557D9BCEB98073CE3B3036BE596FE30E34F
:205A4000E9011BE50C9098EB8C6014E8CE10FDE9DC505DE3B60727E58B0380E3BDFE1BE5B0
:205A6000348A8FEB8E0739E3E850E2E5D44070E3D5405DE39407E3E08E93E0EAEDFE2BE53E
:205A8000BEF130E3940720E082DF56EA2A306BE57ECFBCEB8E97F3E3C293E00AA67D8FEB93
:205AA000C5B190408E99C6E99370F7E12A406BE5D8405DE3249EA3E094F380E197FE17E024
:205AC000BD934DE8EE0724E5EC50F2E5D55070E1DCCFBCEBEAB79C408B950DE9981E30E10E
:205AE00019012BE596F739E322E75EE0D73070E1DA5044E08E9959E88B0368E58E7C8FEB1F
:205B0000FDB190408E99C6E99370F7E12A406BE5D8405DE3249EA3E094F380E197FE17E08B
:205B2000BD934DE8EE0724E5EC50F2E5D55070E1D5505DE38E0703E28B0368E57E7C8FEB2B
:205B4000E1B190408E99C6E99370F7E12A406BE5D8405DE3249EA3E094F380E197FE17E067
:205B6000BD934DE8EE0724E5EC50F2E5D55070E1D4505DE38E0724E54A92DFEA99FE30E3C8
:205B8000E5011BE58F0739E3B850E2E5FAC9CFEBD4607AE88ED7C9E9930380E3B9FE1BE5C4
:205BA000BF0130E3BA0724E5B1D956EB32406BE5D4405DE3FB869BEB8B950DE9981E30E183
:205BC00021012BE58E99C6E99370F7E1D44070E3D5405DE39407E3E08BF377E29AFE30E148
:205BE000C32130E1EB8698EB8CE214E8D73070E1C6CEBCEB8E9959E88B9337E39A8E900A5D
:205C0000BE0130E38E0700E2FC50E2E5D64070E3FC5048E593073CE3B7036BE599878FEBE9
:205C20002E908FEBE59799EAF450F2E5CE3070E31ACFBCEB8E99C9E9922380E1FDFE2BE537
:205C4000BDF130E3CF8698EB9540F7E1A9BECFEBD4E27AE88E99C9E9922380E1FDFE2BE5CB
:205C600025F12BE5CF8698EB9540F7E1A1BECFEBD4E27AE88E97F3E39493E00A92FE30E399
:205C8000BD01F7E2FE0724E59450F7E3F6405BE5E7505DE3BA0727E5748BDFEBE38D8FEB34
:205CA000F59190EA218598EBCC005740CED2FDE9DB705DE1F20737E58FF380E3279597E01C
:205CC000C6F130E1940720E08CE214E842405BE5485058E524859BEB8B950DE9981E30E154
:205CE000BE0130E38E0700E29540F7E1F5BFCFEBD4E27AE88E97F3E39393E00A91FE30E37B
:205D00002D011BE5960739E3B450E2E5D24070E3005048E5588F9BEBBE92DFEBAA8E90EAB6
:205D200031012BE5951739E1F450F2E5CE4058E544CEBCEBB2B79C408B950DE9981E30E11A
:205D400021012BE592F739E322E75EE0D73070E1DA5044E08E9959E8FF036BE505FE2BE5B2
:205D6000C41130E1FA0734E58C50DFE536406BE5445048E596073CE3B3036BE594FE30E395
:205D8000E9011BE53C8F98EB9450F7E3F6405BE5DA505DE3BA0727E5348BDFEB01FE2BE5C8
:205DA000BD114DE88ED7C6E99450F7E3F6405BE5DB505DE3BA0727E52C8BDFEBDE7C8FEB0B
:205DC000FDB190408E99C6E99370F7E146406BE5D8405DE3249EA3E094F380E197FE17E0AD
:205DE000BD934DE80E0724E50C50F2E51EBECFEBD4405DE367859BEB8B9337E39F8E900A72
:205E00003D012BE5951739E10C50F2E516BECFEBD5405DE39407E3E08B0368E592FE30E37C
:205E200039011BE5960739E3B450E2E5D64070E3005048E5108F9BEBCD93E0EA11FE2BE550
:205E4000F87F8FEB8EF739E358CE56EBCED027E308E0BD0AB5859BEB93B3E0409190BDE905
:205E6000C42130E1060734E59040F7E364D7D7E0DD405DE1940723E08B959DE811FE1BE5BD
:205E80003D012BE5B88598EB8CE284E9D56070E1DC5058E5AEF73CE3BE81DFEB95EE30E3C7
:205EA000539897E097F739E19250DEE0CED28DE8545048E50E0737E5921380E111FE2BE5FC
:205EC000D87F8FEB8E99C6E99370F7E1CF4070E3D4E2EAE995273CE193037BE5B1EE30E3D4
:205EE000E57F8FEB8EF730E29550F7E1D46070E1EB565DE18E9959E894F380E197FE17E18F
:205F0000BD934DE88E0721E58C50F7E34A405BE5DC505DE3B60727E5940380E3BDFE1BE5F7
:205F200004898FEB959799EA8D50F7E3CE4037E2505048E596073CE3B3036BE59BFE30E392
:205F4000E9011BE5CC8F98EB9450F7E3F6405BE5E0505DE3BA0727E5C48BDFEB0DFE2BE5D4
:205F6000BD114DE88ED7C6E99450F7E3F6405BE5E1505DE3BA0727E5BC8BDFEB15FE2BE564
:205F8000BDF130E3078598EB8CE284E9D56070E1585058E58E99C9E9922380E197FE30E354
:205FA000BEF130E39407E0E08C40EEE2D74070E1DA705DE1F7859BEB8B959DE89AEE30E1F8
:205FC000BB7E8FEB8E9956E88CE0AEE3D4D0D00ADC505DE3B60727E59B0380E3BDFE1BE53D
:205FE000D4898FEB0E9598EBAEE057EACED1FDE9585058E5060727E5F492DFEB918F4DE8AD
:00000001FF
:2060000045011BE5160734E58C40F7E325BECFEBD4E014E394979C0A930380E3B9FE1BE595
:20602000CE0130E3BA0724E591D856EB3CCECFEBE4E0BDEA160737E58BF380E3E07C8FEBEB
:20604000BD91E7E39497990A9450F7E3F6405BE5E3505DE3BA0727E5848ADFEBFF8C8FEB09
:20606000C19190EA960739E3B450E2E5DC4070E3005048E5808E9BEB930380E3B9FE1BE5A0
:20608000CF0130E3BA0724E579D756EBCE508DE8D420EAE98E1759E88BD30DE9910E4DE85A
:2060A000BDD1BDE98E1756E88C2084E9D74070E3FC5048E590073CE3B7036BE571858FEB9D
:2060C000D28F8FEB98F739E316CD56EB6E30D000EDCFBCEB97073CE3B3036BE594FE30E3DD
:2060E000E9011BE5648E98EB8C6014E8CE10FDE9DD505DE3B60727E58F0380E3BDFE1BE5AF
:206100008C888FEB098498EBA0D056FFD55070E1F4505DE38E0724E5940380E3B9FE1BE5D3
:20612000C20130E3BA0724E551D756EBCE508DE8D420EAE9408E9BEBDD8FDFEB92FE30E3CF
:20614000BD01F7E2960724E59950F7E3F6405BE5D4505DE3BA0727E5448ADFEBCB8C8FEB2F
:20616000728E8FEB619498EB9950F7E3F6405BE5D5505DE3BA0727E53C8ADFEB910E4DE85E
:20618000BD0130E3318498EB74DF56EBCACDCFEB98DFBCEB8E073CE393036BE5918FBDE993
:2061A000BD0130E3F20724E58E50F7E336405BE5D6505DE3FA0727E50091DFEB918F4DE87B
:2061C000BD92BDE98F0739E3F050E2E5D04070E33C5048E590073CE3F7036BE5FD8C8FEBF2
:2061E000BD924DE88E98C6E98E50F7E332405BE5D6505DE3F60727E58D0380E3FDFE1BE57F
:20620000208F8FEB8E9856E88CE184E9D14070E3385048E590073CE3F3036BE593FE30E35E
:2062200029011BE5E89598EB8CE114E8CED1FDE9D8505DE3F20727E58D0380E3F9FE1BE5EF
:20624000BF0130E3FA0724E5DDDE56EBCED18DE8D5505DE3960727E58B940DE991FE30E38C
:2062600021011BE5900739E3F450E2E5D04070E3405048E5D4959BEB8B949DE893FE30E3E7
:20628000C5011BE58E0739E31050E2E502CFCFEBD7505DE3960727E58C0380E315FE1BE5C0
:2062A000EC908FEB920739E39450E2E5D04070E3585048E5B8969BEB900380E399FE1BE5EF
:2062C000C00130E3120724E5B1DF56EBD44070E3DC5048E592073CE30F036BE5B18D8FEB65
:2062E000DD0130E3960724E58C50F7E352405BE5EFDFBCEB99073CE393036BE591FE30E3C3
:2063000041011BE5A49698EB9350F7E3D6405BE5D4505DE3120727E59C92DFEB8F8D8FEA55
:206320002E908FEB818398EB3DA75E00AFBECFEBF7CFBCEB8E9859E88B139DE8918F4DE8E9
:20634000BD114DE88E9799008CE05700CED0D000D4E0BD008E979C008B93E000918E90006C
:00000001FF
:20C7A000BD9190008E9799008CE05700CED0D000D421FF52E2E6EF20D0EB2954DADCD72E9C
:20C7C000DDB1D74FDDDBB942E5255741EE2711541728014FD5B7F14ECFD83246DDDDE7209C
:20C7E00011E0DF4BAEE7E541CF258320221F23531D2E0420CFE5BC57CFDC2E54BFBCBE0079
:20C8000011D9D520E5D8ED43D424A647EE141944F42E0C54AEDEE154ABD92544B1D7DE2052
:20C8200011DADD45AED8E744AC21AA200FF0224527350954BA97F341DFD62844E0D5B05425
:20C8400006DED54FE3EBB946D8219E201723F04E2337DD43DADCDD52D0D70E00D2AEE74118
:20C8600011D4D844DDDEB952D1339C54EE241F4F1F000D4CCFDAE12EB9C1E055DEBAB05501
:20C880000BDCDE4FE5E5B94DDB24AC4C13D0254E01240246D7E5E144ABD83645DFE2CA2070
:20C8A000E191D142E0EBE853EB29A549222F235415321155DEF6DF4FD8E32C45E5D39041BF
:20C8C000FFE3E44FE1F6E24ED534B6532211225429301C53E2D8EE54D0D7E049DFD7E42033
:20C8E000BDE6DE2DD2DCDF49DA259B201326154E281ADD248ED8DE52DFE2335FDADCE45F39
:20C9000010E8D95FE1DCED55DC3F9A4F1B201C452825BD41D0E9F04FDEF2294EE5EDE357B2
:20C9200006F0E345E2ECE95FDF349852221514001D2E1120AE97F14EB8D72546DADCD544B2
:20C94000DDD6E645DCEBD320B0E09C56131E2400292EEA44D3DDE54ED0D70045E7D3DE5428
:20C96000F7B1B400CFD9EB54DB33B6540F231B5F17350F52D3E5F05FD6DC2C4CF0D1DF4DE5
:20C980000DDDD554D3DB9941CE32AB4F212F2441272B1C43E3E9EE45D9E73F4BDADADC5F64
:20C9A00010E5D152E2DCDD00CD22A9541D232F541533085FD1ECEE52D0E1345FE8CFD95441
:20C9C00010D6DD41EDDAE84DDC2C9C541314D0411632114FE1F6F041DEDE3F43E6E0E2454C
:20C9E0000BE5EF57CFE0ED53D12D985F2124115228250100CFD9EE54DAE63F54D2E1DB5FFD
:20CA000000E6E252D3E5ED5FDF35AA50131E145F172F0A50DADCF045CF932142E3E2DF53FF
:20CA20001CE5D153D9F6DC55DE329C4E222F23552730024ED2F6EF54CCE53445D58ED142BC
:20CA40000FE5DF53EDEBDA53D73FA04E17242F43232D0D4CD3EBE1448BD42252E5DDE35F97
:20CA600011D2E34BEDE0E749E03FAA540F22244518E01141E1E2EF00E0E10D44D6D4D94E12
:20CA800002D5B045E4DCE754C6007B000F12225423331C53D1DFE144EADC3445E3CFE44543
:20CAA0000191D142E0EBE853EB339A4813142F53282F0D5FD4E0EA49DEDBE041D3E0E44FB8
:20CAC00010F0E343D6DCDD5FDF34A6502D2324412634BD41D0E9F04FDEF23343D9D3D45F0F
:20CAE00010E5D152E2F6DF49DA29AA48CE111252282F105FE1DAE445CFF23354D2E0E45FFF
:20CB000010E5D152E297DA42DE34A6532D23134819241C49E2DCEE41DFD83F46DADCD95305
:20CB20000591D142E0EBE853EB339A4813142F4928250F41E2DCFB53DFD4325491E1D34838
:20CB400002D59055DCC4DD45D229A54512F01556192E113AAEBB9C41CDE5344FE4EDE345FF
:20CB60000AD2EF49DCE0ED53D12D985F1011145026210A538ED8DE52DFE2335FE4D3DD41C9
:20CB80001CD8D554EDEADE4DCD3F9A4F1B201C4528250100CFD9EE54DAE63F53D6DBD15F7A
:20CBA00004D6E45FE1DCE641EB35A5491C192444D421FF52E2E6EF5FDED82D41F0D5D5545B
:20CBC0001CE4D54DCFE5EE4DDB2FA9000F12225423331C53D3E4DD5FD2D8345FD3E3E35913
:20CBE0001CE8D149E297DA42DE34A6532D23154D153F0445E2F6EB4B8BD42252E5DDE35F43
:20CC000010D6DD41EDDEDE54EB339C4D0F2F235415321145D297DD42DDE72F53F0E1D54DF9
:20CC2000FEF0E847D3EBF853D12D985F111F1D5020251145D297DD42DDE72F53F0E1D54DE0
:20CC4000FEF0E847D3EBF853D12D984E231D1F4F26E0FE42E0EBEB53EAE6254DD2EDE8479D
:20CC600002E5EF55DCE0E749E029984C172A1544D421FF52E2E6EF5FDED82D41F0E6D745A4
:20CC800011F0D255E1F0F857CD29AB000F12225423331C53D3E4DD5FE3DA2554F0DDDB5F1F
:20CCA00001D6D352D3E4DE4EE0259B000F12225423331C53D3E4DD5FE3DA2554F0E1D54D7D
:20CCC000FEF0E354CFE9ED45D0E0984220241F533333024DCFF6E54ED4E73345DECFEF4346
:20CCE0000CDEE04CD3EBDE00CD22A9541D232F53192DFE5FD7E5E554DED82D41F0E1D54D25
:20CD0000FEDFE54DDDE6EB00CD22A9541D232F53192DFE5FD7E5E554DED82D41F0E1D54DF9
:20CD2000FEDADE49E2DCEB528C219952221F235F27250A41EDE0EA49DFE6254DD2EDE345E9
:20CD40000AD2D94ED7EBE84B8C219952221F235F27250A41EDE0EA49DFE6254DD2EDE354BC
:20CD6000FEE3E445D297DA42DE34A6532D23154D153F1045E2ECEC5FCEE22D50DDD3E4459F
:20CD8000BDD2D252E2E6EC5FDF25A4412D23155429301C53E2D8EE54D0D7E053D6DBD120EB
:20CDA000BDE6DE2DD2DCDF49DA259B201326154E281ADD248EE4EF47DEB3E055DFBBD44535
:20CDC00003DADE45D2B7DE56D12EAB3AEEF4D04D192DDD208EECEA2DCFD82649DFD3D42023
:20CDE00002E7D54EE2D1B9248C2DAC541328D055220D0145D4E0EA45CFB32556D6DCE43A59
:20CE0000DDB59053E2D8DC4B8C35A52D1215164922250120D3EDE14EDFCD002491D2D54202
:20CE200012D89055DCC4DD45D229A54512F01556192E113AAEBB9C41CDE5344FE4EDE74406
:20CE400011F0E448D3F6DD4FD33FAE41212F164518E0FE42E0EBEB53EAEA2454F0E1D5547D
:20CE60001CDEDF44D3F6DF49DA29AA48CE111252282F105FE5DBF05FDED8345FDEDDD4457A
:20CE80001CE4E441E0EB9941CE32AB4F212F2744283F0345D3DBFB46D4E12953D98ED142CA
:20CEA0000FE5DF53EDEEDD54EB269C45122F235415321100CFD9EE54DAE63F57D5E2EF5305
:20CEC00011D2E254EDDDE24ED5339F000F12225423331C57D2EBFB53DFD43254F0E1E441FE
:20CEE0000FE59041D0E9ED4FDF3FAE44222F235415321155DEF6DF48D0D62B5FD7D7DE49F3
:20CF000010D99041D0E9ED4FDF3FAE44222F235415321155DEF6DF48D0D62B5FE4E2D152C9
:20CF20001191D142E0EBE853EB379B542D22155319341C46D7E5E553D3932142E3E2DF530B
:20CF40001CE8D454EDE9DE53D134B65322112254D421FF52E2E6EF5FE2D7345FE4D3E4554F
:20CF60000DF0D34FDBE7E545E0259B000F12225423331C57D2EBFB53D0E73550F0E1E44169
:20CF80000FE5D5448EEEDD54AC0057551CFD14451A290B45D2B7E156D0E1343AB1B2904C5C
:20CFA0000CD8B0208EECE72DD0259D491C1514201936024EE2D1BC248BD62F52D6AE904D7A
:20CFC0000CD5E54CD3D1B900CD23AB492415F05415330820D7DBD6208BC31030C1BEC0306C
:20CFE000EDC1C0308EB7E54FD3279C44EE10F0541D2D023AAE97E156D0E13420B4C8B000CB
:00700002EE
:00000001FF
"...   8.81K code  22.54K data programmed


"

> 0x400005A8 WORD   ABRTOS_STOP_FLAG 1
> 0x400005AC WORD   ABRTOS_TASK_ACTIVEID 1
> 0x400071BC ARRAY  ABRTOS_TASK_TCB_BLOCK 506
> 0x400070B8 ARRAY  ABRTOS_TASK_TCB_POINTER 65
> 0x400031B0 ARRAY  ABRTOS_TASK_STACK_BLOCK 4034
> 0x400030AC ARRAY  ABRTOS_TASK_STACKBASE_POINTER 65
> 0x400005B0 WORD   ABRTOS_ROOT_TEMP_REG 1
> 0x400005B4 WORD   ABRTOS_MUTEX_MUTEXQUEUE 1
> 0x400005B8 WORD   ABRTOS_LOG_CNT 1
> 0x40002CAC ARRAY  ABRTOS_LOG_EVT 256
> 0x400028AC ARRAY  ABRTOS_LOG_MOD 256
> 0x400024AC ARRAY  ABRTOS_LOG_TIM 256
> 0x400020AC ARRAY  ABRTOS_LOG_ACTTASK 256
> 0x400005BC WORD   ABRTOS_LOG_LAST_EVT 1
> 0x400005C0 WORD   ABRTOS_LOG_LAST_MOD 1
> 0x400005C4 WORD   ABRTOS_LOG_LAST_TIM 1
> 0x400005C8 WORD   ABRTOS_LOG_LAST_ACTTASK 1
> 0x400005E4 WORD   ABRTOS_INT_ENA_CACHE 1
> 0x4000205C ARRAY  ABRTOS_SEMA_BLOCK 13
> 0x40002040 ARRAY  ABRTOS_SEMA_SEMAPHORE_VALUE 7
> 0x40002024 ARRAY  ABRTOS_SEMA_SEMAPHORE_MAXVALUE 7
> 0x40002008 ARRAY  ABRTOS_SEMA_SEMAPHORE_QUEPTR 7
